<?xml version="1.0" encoding="UTF-8"?>
<!-- Generated by org.testng.reporters.JUnitReportReporter -->
<testsuite hostname="DESKTOP-P21OI1T" failures="0" tests="1" name="com.myCode.Testcases.Testcase01" time="22.543" errors="0" timestamp="2022-07-08T23:14:47 IST" skipped="0">
  <testcase classname="com.myCode.Testcases.Testcase01" name="loginTest" time="22.543"/>
  <system-out/>
</testsuite> <!-- com.myCode.Testcases.Testcase01 -->
